Arguments: 
  C:\Program Files\nodejs\node.exe C:\Users\ĐOAN\AppData\Roaming\npm\node_modules\yarn\bin\yarn.js add react-scripts

PATH: 
  C:\Windows\system32;C:\Windows;C:\Windows\System32\Wbem;C:\Windows\System32\WindowsPowerShell\v1.0\;C:\Windows\System32\OpenSSH\;C:\Program Files (x86)\NVIDIA Corporation\PhysX\Common;C:\Program Files\NVIDIA Corporation\NVIDIA NvDLISR;C:\Program Files\Git\cmd;C:\Program Files\nodejs\;%SystemRoot%\system32;%SystemRoot%;%SystemRoot%\System32\Wbem;%SYSTEMROOT%\System32\WindowsPowerShell\v1.0\;%SYSTEMROOT%\System32\OpenSSH\;C:\Users\ĐOAN\AppData\Local\Microsoft\WindowsApps;C:\Users\ĐOAN\AppData\Local\Programs\Microsoft VS Code\bin;C:\Users\ĐOAN\AppData\Roaming\npm;C:\Users\ĐOAN\AppData\Local\GitHubDesktop\bin;

Yarn version: 
  1.22.19

Node version: 
  16.17.0

Platform: 
  win32 x64

Trace: 
  Error: EPERM: operation not permitted, copyfile 'C:\Users\ĐOAN\AppData\Local\Yarn\Cache\v6\npm-@ant-design-icons-4.8.0-3084e2bb494cac3dad6c0392f77c1efc90ee1fa4-integrity\node_modules\@ant-design\icons\es\icons\DeleteOutlined.js' -> 'D:\WEB\bc34-capstone\node_modules\@ant-design\icons\es\icons\DeleteOutlined.js'

npm manifest: 
  {
    "name": "bc34-capstone",
    "version": "0.1.0",
    "private": true,
    "dependencies": {
      "@reduxjs/toolkit": "^1.8.6",
      "@testing-library/jest-dom": "^5.16.5",
      "@testing-library/react": "^13.4.0",
      "@testing-library/user-event": "^13.5.0",
      "@tsamantanis/react-glassmorphism": "^1.1.2",
      "antd": "^4.24.1",
      "axios": "^1.1.3",
      "formik": "^2.2.9",
      "glassmorphism": "^0.0.1",
      "history": "^5.3.0",
      "moment": "^2.29.4",
      "node-sass": "^7.0.3",
      "react": "^18.2.0",
      "react-dom": "^18.2.0",
      "react-redux": "^8.0.5",
      "react-router-dom": "^6.4.5",
      "react-scripts": "5.0.1",
      "react-slick": "^0.29.0",
      "redux": "^4.2.0",
      "slick-carousel": "^1.8.1",
      "web-vitals": "^2.1.4"
    },
    "scripts": {
      "start": "react-scripts start",
      "build": "react-scripts build",
      "test": "react-scripts test",
      "eject": "react-scripts eject"
    },
    "eslintConfig": {
      "extends": [
        "react-app",
        "react-app/jest"
      ]
    },
    "browserslist": {
      "production": [
        ">0.2%",
        "not dead",
        "not op_mini all"
      ],
      "development": [
        "last 1 chrome version",
        "last 1 firefox version",
        "last 1 safari version"
      ]
    },
    "devDependencies": {
      "autoprefixer": "^10.4.13",
      "postcss": "^8.4.19",
      "tailwindcss": "^3.2.4"
    }
  }

yarn manifest: 
  No manifest

Lockfile: 
  No lockfile
